app/build/intermediates/manifest_merge_blame_file/debug/manifest-merger-blame-debug-report.txt
1<?xml version="1.0" encoding="utf-8"?>
2<manifest xmlns:android="http://schemas.android.com/apk/res/android"
3    package="com.example.poc"
4    android:versionCode="1"
5    android:versionName="1.0" >
6
7    <uses-sdk
8        android:minSdkVersion="21"
8-->src\main\AndroidManifest.xml
9        android:targetSdkVersion="32" />
9-->src\main\AndroidManifest.xml
10
11    <uses-permission
11-->src\main\AndroidManifest.xml:6:5-95
12        android:name="android.permission.BLUETOOTH"
12-->src\main\AndroidManifest.xml:6:22-65
13        android:maxSdkVersion="30" />
13-->src\main\AndroidManifest.xml:6:66-92
14    <uses-permission
14-->src\main\AndroidManifest.xml:7:5-101
15        android:name="android.permission.BLUETOOTH_ADMIN"
15-->src\main\AndroidManifest.xml:7:22-71
16        android:maxSdkVersion="30" />
16-->src\main\AndroidManifest.xml:7:72-98
17
18    <!-- These 2 bellow, only if you are targeting Android 12+ -->
19    <uses-permission android:name="android.permission.BLUETOOTH_CONNECT" />
19-->src\main\AndroidManifest.xml:10:5-96
19-->src\main\AndroidManifest.xml:10:22-73
20    <uses-permission
20-->src\main\AndroidManifest.xml:11:5-140
21        android:name="android.permission.BLUETOOTH_SCAN"
21-->src\main\AndroidManifest.xml:11:22-70
22        android:usesPermissionFlags="neverForLocation" />
22-->src\main\AndroidManifest.xml:11:71-117
23    <uses-permission android:name="android.permission.ACCESS_COARSE_LOCATION" />
23-->src\main\AndroidManifest.xml:13:5-81
23-->src\main\AndroidManifest.xml:13:22-78
24
25    <!-- These 2 bellow, only if you are targeting Android 10+ -->
26    <uses-permission android:name="android.permission.ACCESS_FINE_LOCATION" />
26-->src\main\AndroidManifest.xml:16:5-79
26-->src\main\AndroidManifest.xml:16:22-76
27    <uses-permission android:name="android.permission.ACCESS_BACKGROUND_LOCATION" />
27-->src\main\AndroidManifest.xml:17:5-85
27-->src\main\AndroidManifest.xml:17:22-82
28    <uses-permission android:name="android.permission.WRITE_EXTERNAL_STORAGE" />
28-->src\main\AndroidManifest.xml:18:5-80
28-->src\main\AndroidManifest.xml:18:22-78
29
30    <uses-feature
30-->src\main\AndroidManifest.xml:20:5-89
31        android:name="android.hardware.bluetooth_le"
31-->src\main\AndroidManifest.xml:20:19-63
32        android:required="true" />
32-->src\main\AndroidManifest.xml:20:64-87
33    <uses-feature
33-->src\main\AndroidManifest.xml:21:5-86
34        android:name="android.hardware.bluetooth"
34-->src\main\AndroidManifest.xml:21:19-60
35        android:required="true" />
35-->src\main\AndroidManifest.xml:21:61-84
36
37    <uses-permission android:name="android.permission.ACCESS_NETWORK_STATE" />
37-->[com.firebaseui:firebase-ui-auth:7.2.0] AndroidManifest.xml:12:5-79
37-->[com.firebaseui:firebase-ui-auth:7.2.0] AndroidManifest.xml:12:22-76
38    <uses-permission android:name="android.permission.INTERNET" />
38-->[com.firebaseui:firebase-ui-auth:7.2.0] AndroidManifest.xml:13:5-67
38-->[com.firebaseui:firebase-ui-auth:7.2.0] AndroidManifest.xml:13:22-64
39
40    <application
40-->src\main\AndroidManifest.xml:24:5-53:19
41        android:allowBackup="true"
41-->src\main\AndroidManifest.xml:25:9-35
42        android:appComponentFactory="androidx.core.app.CoreComponentFactory"
42-->[androidx.core:core:1.8.0] AndroidManifest.xml:24:18-86
43        android:dataExtractionRules="@xml/data_extraction_rules"
43-->src\main\AndroidManifest.xml:26:9-65
44        android:debuggable="true"
45        android:fullBackupContent="@xml/backup_rules"
45-->src\main\AndroidManifest.xml:27:9-54
46        android:icon="@mipmap/ic_launcher"
46-->src\main\AndroidManifest.xml:28:9-43
47        android:label="@string/app_name"
47-->src\main\AndroidManifest.xml:29:9-41
48        android:roundIcon="@mipmap/ic_launcher_round"
48-->src\main\AndroidManifest.xml:30:9-54
49        android:supportsRtl="true"
49-->src\main\AndroidManifest.xml:31:9-35
50        android:testOnly="true"
51        android:theme="@style/Theme.POC"
51-->src\main\AndroidManifest.xml:32:9-41
52        android:usesCleartextTraffic="true" >
52-->src\main\AndroidManifest.xml:33:9-44
53        <activity android:name="authentication.AuthenticationActivity" >
53-->src\main\AndroidManifest.xml:36:9-38:20
53-->src\main\AndroidManifest.xml:37:13-65
54        </activity>
55        <activity
55-->src\main\AndroidManifest.xml:39:9-42:60
56            android:name="main.SideMenuActivity"
56-->src\main\AndroidManifest.xml:40:13-49
57            android:label="@string/title_activity_side_menu"
57-->src\main\AndroidManifest.xml:41:13-61
58            android:theme="@style/Theme.POC.NoActionBar" />
58-->src\main\AndroidManifest.xml:42:13-57
59        <activity
59-->src\main\AndroidManifest.xml:43:9-52:20
60            android:name="authentication.SplashScreenActivity"
60-->src\main\AndroidManifest.xml:44:13-63
61            android:exported="true"
61-->src\main\AndroidManifest.xml:46:13-36
62            android:theme="@style/Theme.POC.NoActionBar" >
62-->src\main\AndroidManifest.xml:45:13-57
63            <intent-filter>
63-->src\main\AndroidManifest.xml:47:13-51:29
64                <action android:name="android.intent.action.MAIN" />
64-->src\main\AndroidManifest.xml:48:17-69
64-->src\main\AndroidManifest.xml:48:25-66
65
66                <category android:name="android.intent.category.LAUNCHER" />
66-->src\main\AndroidManifest.xml:50:17-77
66-->src\main\AndroidManifest.xml:50:27-74
67            </intent-filter>
68        </activity>
69
70        <meta-data
70-->[com.firebaseui:firebase-ui-auth:7.2.0] AndroidManifest.xml:16:9-18:69
71            android:name="com.google.android.gms.version"
71-->[com.firebaseui:firebase-ui-auth:7.2.0] AndroidManifest.xml:17:13-58
72            android:value="@integer/google_play_services_version" />
72-->[com.firebaseui:firebase-ui-auth:7.2.0] AndroidManifest.xml:18:13-66
73        <meta-data
73-->[com.firebaseui:firebase-ui-auth:7.2.0] AndroidManifest.xml:19:9-21:63
74            android:name="com.facebook.sdk.ApplicationId"
74-->[com.firebaseui:firebase-ui-auth:7.2.0] AndroidManifest.xml:20:13-58
75            android:value="@string/facebook_application_id" />
75-->[com.firebaseui:firebase-ui-auth:7.2.0] AndroidManifest.xml:21:13-60
76
77        <activity
77-->[com.firebaseui:firebase-ui-auth:7.2.0] AndroidManifest.xml:23:9-27:61
78            android:name="com.firebase.ui.auth.KickoffActivity"
78-->[com.firebaseui:firebase-ui-auth:7.2.0] AndroidManifest.xml:24:13-64
79            android:exported="false"
79-->[com.firebaseui:firebase-ui-auth:7.2.0] AndroidManifest.xml:25:13-37
80            android:label=""
80-->[com.firebaseui:firebase-ui-auth:7.2.0] AndroidManifest.xml:26:13-29
81            android:theme="@style/FirebaseUI.Transparent" />
81-->[com.firebaseui:firebase-ui-auth:7.2.0] AndroidManifest.xml:27:13-58
82        <activity
82-->[com.firebaseui:firebase-ui-auth:7.2.0] AndroidManifest.xml:28:9-32:61
83            android:name="com.firebase.ui.auth.ui.idp.SingleSignInActivity"
83-->[com.firebaseui:firebase-ui-auth:7.2.0] AndroidManifest.xml:29:13-76
84            android:exported="false"
84-->[com.firebaseui:firebase-ui-auth:7.2.0] AndroidManifest.xml:30:13-37
85            android:label=""
85-->[com.firebaseui:firebase-ui-auth:7.2.0] AndroidManifest.xml:31:13-29
86            android:theme="@style/FirebaseUI.Transparent" />
86-->[com.firebaseui:firebase-ui-auth:7.2.0] AndroidManifest.xml:32:13-58
87        <activity
87-->[com.firebaseui:firebase-ui-auth:7.2.0] AndroidManifest.xml:33:9-37:61
88            android:name="com.firebase.ui.auth.ui.credentials.CredentialSaveActivity"
88-->[com.firebaseui:firebase-ui-auth:7.2.0] AndroidManifest.xml:34:13-86
89            android:exported="false"
89-->[com.firebaseui:firebase-ui-auth:7.2.0] AndroidManifest.xml:35:13-37
90            android:label=""
90-->[com.firebaseui:firebase-ui-auth:7.2.0] AndroidManifest.xml:36:13-29
91            android:theme="@style/FirebaseUI.Transparent" />
91-->[com.firebaseui:firebase-ui-auth:7.2.0] AndroidManifest.xml:37:13-58
92        <activity
92-->[com.firebaseui:firebase-ui-auth:7.2.0] AndroidManifest.xml:38:9-42:58
93            android:name="com.firebase.ui.auth.ui.email.RecoverPasswordActivity"
93-->[com.firebaseui:firebase-ui-auth:7.2.0] AndroidManifest.xml:39:13-81
94            android:exported="false"
94-->[com.firebaseui:firebase-ui-auth:7.2.0] AndroidManifest.xml:40:13-37
95            android:label="@string/fui_title_recover_password_activity"
95-->[com.firebaseui:firebase-ui-auth:7.2.0] AndroidManifest.xml:41:13-72
96            android:windowSoftInputMode="adjustResize" />
96-->[com.firebaseui:firebase-ui-auth:7.2.0] AndroidManifest.xml:42:13-55
97        <activity
97-->[com.firebaseui:firebase-ui-auth:7.2.0] AndroidManifest.xml:43:9-47:58
98            android:name="com.firebase.ui.auth.ui.email.EmailActivity"
98-->[com.firebaseui:firebase-ui-auth:7.2.0] AndroidManifest.xml:44:13-71
99            android:exported="false"
99-->[com.firebaseui:firebase-ui-auth:7.2.0] AndroidManifest.xml:45:13-37
100            android:label="@string/fui_sign_in_default"
100-->[com.firebaseui:firebase-ui-auth:7.2.0] AndroidManifest.xml:46:13-56
101            android:windowSoftInputMode="adjustResize" />
101-->[com.firebaseui:firebase-ui-auth:7.2.0] AndroidManifest.xml:47:13-55
102        <activity
102-->[com.firebaseui:firebase-ui-auth:7.2.0] AndroidManifest.xml:48:9-52:77
103            android:name="com.firebase.ui.auth.ui.phone.PhoneActivity"
103-->[com.firebaseui:firebase-ui-auth:7.2.0] AndroidManifest.xml:49:13-71
104            android:exported="false"
104-->[com.firebaseui:firebase-ui-auth:7.2.0] AndroidManifest.xml:50:13-37
105            android:label="@string/fui_sign_in_with_phone_number"
105-->[com.firebaseui:firebase-ui-auth:7.2.0] AndroidManifest.xml:51:13-66
106            android:windowSoftInputMode="adjustResize|stateAlwaysVisible" />
106-->[com.firebaseui:firebase-ui-auth:7.2.0] AndroidManifest.xml:52:13-74
107        <activity
107-->[com.firebaseui:firebase-ui-auth:7.2.0] AndroidManifest.xml:53:9-57:58
108            android:name="com.firebase.ui.auth.ui.idp.WelcomeBackIdpPrompt"
108-->[com.firebaseui:firebase-ui-auth:7.2.0] AndroidManifest.xml:54:13-76
109            android:exported="false"
109-->[com.firebaseui:firebase-ui-auth:7.2.0] AndroidManifest.xml:55:13-37
110            android:label="@string/fui_title_welcome_back_idp_prompt"
110-->[com.firebaseui:firebase-ui-auth:7.2.0] AndroidManifest.xml:56:13-70
111            android:windowSoftInputMode="adjustResize" />
111-->[com.firebaseui:firebase-ui-auth:7.2.0] AndroidManifest.xml:57:13-55
112        <activity
112-->[com.firebaseui:firebase-ui-auth:7.2.0] AndroidManifest.xml:58:9-62:58
113            android:name="com.firebase.ui.auth.ui.email.WelcomeBackPasswordPrompt"
113-->[com.firebaseui:firebase-ui-auth:7.2.0] AndroidManifest.xml:59:13-83
114            android:exported="false"
114-->[com.firebaseui:firebase-ui-auth:7.2.0] AndroidManifest.xml:60:13-37
115            android:label="@string/fui_title_welcome_back_password_prompt"
115-->[com.firebaseui:firebase-ui-auth:7.2.0] AndroidManifest.xml:61:13-75
116            android:windowSoftInputMode="adjustResize" />
116-->[com.firebaseui:firebase-ui-auth:7.2.0] AndroidManifest.xml:62:13-55
117        <activity
117-->[com.firebaseui:firebase-ui-auth:7.2.0] AndroidManifest.xml:63:9-67:58
118            android:name="com.firebase.ui.auth.ui.email.WelcomeBackEmailLinkPrompt"
118-->[com.firebaseui:firebase-ui-auth:7.2.0] AndroidManifest.xml:64:13-84
119            android:exported="false"
119-->[com.firebaseui:firebase-ui-auth:7.2.0] AndroidManifest.xml:65:13-37
120            android:label="@string/fui_title_welcome_back_password_prompt"
120-->[com.firebaseui:firebase-ui-auth:7.2.0] AndroidManifest.xml:66:13-75
121            android:windowSoftInputMode="adjustResize" />
121-->[com.firebaseui:firebase-ui-auth:7.2.0] AndroidManifest.xml:67:13-55
122        <activity
122-->[com.firebaseui:firebase-ui-auth:7.2.0] AndroidManifest.xml:68:9-73:58
123            android:name="com.firebase.ui.auth.ui.email.EmailLinkCatcherActivity"
123-->[com.firebaseui:firebase-ui-auth:7.2.0] AndroidManifest.xml:69:13-82
124            android:exported="false"
124-->[com.firebaseui:firebase-ui-auth:7.2.0] AndroidManifest.xml:70:13-37
125            android:label=""
125-->[com.firebaseui:firebase-ui-auth:7.2.0] AndroidManifest.xml:71:13-29
126            android:theme="@style/FirebaseUI.Transparent"
126-->[com.firebaseui:firebase-ui-auth:7.2.0] AndroidManifest.xml:72:13-58
127            android:windowSoftInputMode="adjustResize" />
127-->[com.firebaseui:firebase-ui-auth:7.2.0] AndroidManifest.xml:73:13-55
128        <activity
128-->[com.firebaseui:firebase-ui-auth:7.2.0] AndroidManifest.xml:74:9-78:58
129            android:name="com.firebase.ui.auth.ui.email.EmailLinkErrorRecoveryActivity"
129-->[com.firebaseui:firebase-ui-auth:7.2.0] AndroidManifest.xml:75:13-88
130            android:exported="false"
130-->[com.firebaseui:firebase-ui-auth:7.2.0] AndroidManifest.xml:76:13-37
131            android:label="@string/fui_sign_in_default"
131-->[com.firebaseui:firebase-ui-auth:7.2.0] AndroidManifest.xml:77:13-56
132            android:windowSoftInputMode="adjustResize" />
132-->[com.firebaseui:firebase-ui-auth:7.2.0] AndroidManifest.xml:78:13-55
133        <activity
133-->[com.firebaseui:firebase-ui-auth:7.2.0] AndroidManifest.xml:79:9-82:65
134            android:name="com.firebase.ui.auth.ui.idp.AuthMethodPickerActivity"
134-->[com.firebaseui:firebase-ui-auth:7.2.0] AndroidManifest.xml:80:13-80
135            android:exported="false"
135-->[com.firebaseui:firebase-ui-auth:7.2.0] AndroidManifest.xml:81:13-37
136            android:label="@string/fui_default_toolbar_title" />
136-->[com.firebaseui:firebase-ui-auth:7.2.0] AndroidManifest.xml:82:13-62
137        <activity
137-->[com.firebaseui:firebase-ui-auth:7.2.0] AndroidManifest.xml:83:9-87:48
138            android:name="com.facebook.FacebookActivity"
138-->[com.firebaseui:firebase-ui-auth:7.2.0] AndroidManifest.xml:84:13-57
139            android:configChanges="keyboard|keyboardHidden|screenLayout|screenSize|orientation"
139-->[com.firebaseui:firebase-ui-auth:7.2.0] AndroidManifest.xml:85:13-96
140            android:label="@string/app_name" />
140-->[com.firebaseui:firebase-ui-auth:7.2.0] AndroidManifest.xml:86:13-45
141        <activity
141-->[com.firebaseui:firebase-ui-auth:7.2.0] AndroidManifest.xml:88:9-100:20
142            android:name="com.facebook.CustomTabActivity"
142-->[com.firebaseui:firebase-ui-auth:7.2.0] AndroidManifest.xml:89:13-58
143            android:exported="true" >
143-->[com.firebaseui:firebase-ui-auth:7.2.0] AndroidManifest.xml:90:13-36
144            <intent-filter>
144-->[com.firebaseui:firebase-ui-auth:7.2.0] AndroidManifest.xml:92:13-99:29
145                <action android:name="android.intent.action.VIEW" />
145-->[com.firebaseui:firebase-ui-auth:7.2.0] AndroidManifest.xml:93:17-69
145-->[com.firebaseui:firebase-ui-auth:7.2.0] AndroidManifest.xml:93:25-66
146
147                <category android:name="android.intent.category.DEFAULT" />
147-->[com.firebaseui:firebase-ui-auth:7.2.0] AndroidManifest.xml:95:17-76
147-->[com.firebaseui:firebase-ui-auth:7.2.0] AndroidManifest.xml:95:27-73
148                <category android:name="android.intent.category.BROWSABLE" />
148-->[com.firebaseui:firebase-ui-auth:7.2.0] AndroidManifest.xml:96:17-78
148-->[com.firebaseui:firebase-ui-auth:7.2.0] AndroidManifest.xml:96:27-75
149
150                <data android:scheme="@string/facebook_login_protocol_scheme" />
150-->[com.firebaseui:firebase-ui-auth:7.2.0] AndroidManifest.xml:98:17-81
150-->[com.firebaseui:firebase-ui-auth:7.2.0] AndroidManifest.xml:98:23-78
151            </intent-filter>
152        </activity>
153
154        <provider
154-->[com.firebaseui:firebase-ui-auth:7.2.0] AndroidManifest.xml:102:9-106:38
155            android:name="com.firebase.ui.auth.data.client.AuthUiInitProvider"
155-->[com.firebaseui:firebase-ui-auth:7.2.0] AndroidManifest.xml:103:13-79
156            android:authorities="com.example.poc.authuiinitprovider"
156-->[com.firebaseui:firebase-ui-auth:7.2.0] AndroidManifest.xml:104:13-70
157            android:exported="false"
157-->[com.firebaseui:firebase-ui-auth:7.2.0] AndroidManifest.xml:105:13-37
158            android:initOrder="90" />
158-->[com.firebaseui:firebase-ui-auth:7.2.0] AndroidManifest.xml:106:13-35
159
160        <activity
160-->[pub.devrel:easypermissions:3.0.0] AndroidManifest.xml:12:9-16:66
161            android:name="pub.devrel.easypermissions.AppSettingsDialogHolderActivity"
161-->[pub.devrel:easypermissions:3.0.0] AndroidManifest.xml:13:13-86
162            android:exported="false"
162-->[pub.devrel:easypermissions:3.0.0] AndroidManifest.xml:14:13-37
163            android:label=""
163-->[pub.devrel:easypermissions:3.0.0] AndroidManifest.xml:15:13-29
164            android:theme="@style/EasyPermissions.Transparent" />
164-->[pub.devrel:easypermissions:3.0.0] AndroidManifest.xml:16:13-63
165        <activity
165-->[com.google.android.gms:play-services-auth:20.2.0] AndroidManifest.xml:23:9-27:75
166            android:name="com.google.android.gms.auth.api.signin.internal.SignInHubActivity"
166-->[com.google.android.gms:play-services-auth:20.2.0] AndroidManifest.xml:24:13-93
167            android:excludeFromRecents="true"
167-->[com.google.android.gms:play-services-auth:20.2.0] AndroidManifest.xml:25:13-46
168            android:exported="false"
168-->[com.google.android.gms:play-services-auth:20.2.0] AndroidManifest.xml:26:13-37
169            android:theme="@android:style/Theme.Translucent.NoTitleBar" />
169-->[com.google.android.gms:play-services-auth:20.2.0] AndroidManifest.xml:27:13-72
170        <!--
171            Service handling Google Sign-In user revocation. For apps that do not integrate with
172            Google Sign-In, this service will never be started.
173        -->
174        <service
174-->[com.google.android.gms:play-services-auth:20.2.0] AndroidManifest.xml:33:9-37:51
175            android:name="com.google.android.gms.auth.api.signin.RevocationBoundService"
175-->[com.google.android.gms:play-services-auth:20.2.0] AndroidManifest.xml:34:13-89
176            android:exported="true"
176-->[com.google.android.gms:play-services-auth:20.2.0] AndroidManifest.xml:35:13-36
177            android:permission="com.google.android.gms.auth.api.signin.permission.REVOCATION_NOTIFICATION"
177-->[com.google.android.gms:play-services-auth:20.2.0] AndroidManifest.xml:36:13-107
178            android:visibleToInstantApps="true" />
178-->[com.google.android.gms:play-services-auth:20.2.0] AndroidManifest.xml:37:13-48
179        <service
179-->[com.google.firebase:firebase-auth-ktx:21.0.5] AndroidManifest.xml:8:9-14:19
180            android:name="com.google.firebase.components.ComponentDiscoveryService"
180-->[com.google.firebase:firebase-auth-ktx:21.0.5] AndroidManifest.xml:9:13-84
181            android:directBootAware="true"
181-->[com.google.firebase:firebase-common:20.1.1] AndroidManifest.xml:35:13-43
182            android:exported="false" >
182-->[com.google.firebase:firebase-auth-ktx:21.0.5] AndroidManifest.xml:10:13-37
183            <meta-data
183-->[com.google.firebase:firebase-auth-ktx:21.0.5] AndroidManifest.xml:11:13-13:85
184                android:name="com.google.firebase.components:com.google.firebase.auth.ktx.FirebaseAuthKtxRegistrar"
184-->[com.google.firebase:firebase-auth-ktx:21.0.5] AndroidManifest.xml:12:17-116
185                android:value="com.google.firebase.components.ComponentRegistrar" />
185-->[com.google.firebase:firebase-auth-ktx:21.0.5] AndroidManifest.xml:13:17-82
186            <meta-data
186-->[com.google.firebase:firebase-auth:21.0.6] AndroidManifest.xml:67:13-69:85
187                android:name="com.google.firebase.components:com.google.firebase.auth.FirebaseAuthRegistrar"
187-->[com.google.firebase:firebase-auth:21.0.6] AndroidManifest.xml:68:17-109
188                android:value="com.google.firebase.components.ComponentRegistrar" />
188-->[com.google.firebase:firebase-auth:21.0.6] AndroidManifest.xml:69:17-82
189            <meta-data
189-->[com.google.firebase:firebase-firestore:24.2.0] AndroidManifest.xml:20:13-22:85
190                android:name="com.google.firebase.components:com.google.firebase.firestore.FirestoreRegistrar"
190-->[com.google.firebase:firebase-firestore:24.2.0] AndroidManifest.xml:21:17-111
191                android:value="com.google.firebase.components.ComponentRegistrar" />
191-->[com.google.firebase:firebase-firestore:24.2.0] AndroidManifest.xml:22:17-82
192            <meta-data
192-->[com.google.firebase:firebase-storage:20.0.1] AndroidManifest.xml:33:13-35:85
193                android:name="com.google.firebase.components:com.google.firebase.storage.StorageRegistrar"
193-->[com.google.firebase:firebase-storage:20.0.1] AndroidManifest.xml:34:17-107
194                android:value="com.google.firebase.components.ComponentRegistrar" />
194-->[com.google.firebase:firebase-storage:20.0.1] AndroidManifest.xml:35:17-82
195            <meta-data
195-->[com.google.firebase:firebase-common-ktx:20.1.1] AndroidManifest.xml:15:13-17:85
196                android:name="com.google.firebase.components:com.google.firebase.ktx.FirebaseCommonKtxRegistrar"
196-->[com.google.firebase:firebase-common-ktx:20.1.1] AndroidManifest.xml:16:17-113
197                android:value="com.google.firebase.components.ComponentRegistrar" />
197-->[com.google.firebase:firebase-common-ktx:20.1.1] AndroidManifest.xml:17:17-82
198        </service>
199
200        <activity
200-->[com.google.firebase:firebase-auth:21.0.6] AndroidManifest.xml:27:9-44:20
201            android:name="com.google.firebase.auth.internal.GenericIdpActivity"
201-->[com.google.firebase:firebase-auth:21.0.6] AndroidManifest.xml:28:13-80
202            android:excludeFromRecents="true"
202-->[com.google.firebase:firebase-auth:21.0.6] AndroidManifest.xml:29:13-46
203            android:exported="true"
203-->[com.google.firebase:firebase-auth:21.0.6] AndroidManifest.xml:30:13-36
204            android:launchMode="singleTask"
204-->[com.google.firebase:firebase-auth:21.0.6] AndroidManifest.xml:31:13-44
205            android:theme="@android:style/Theme.Translucent.NoTitleBar" >
205-->[com.google.firebase:firebase-auth:21.0.6] AndroidManifest.xml:32:13-72
206            <intent-filter>
206-->[com.google.firebase:firebase-auth:21.0.6] AndroidManifest.xml:33:13-43:29
207                <action android:name="android.intent.action.VIEW" />
207-->[com.firebaseui:firebase-ui-auth:7.2.0] AndroidManifest.xml:93:17-69
207-->[com.firebaseui:firebase-ui-auth:7.2.0] AndroidManifest.xml:93:25-66
208
209                <category android:name="android.intent.category.DEFAULT" />
209-->[com.firebaseui:firebase-ui-auth:7.2.0] AndroidManifest.xml:95:17-76
209-->[com.firebaseui:firebase-ui-auth:7.2.0] AndroidManifest.xml:95:27-73
210                <category android:name="android.intent.category.BROWSABLE" />
210-->[com.firebaseui:firebase-ui-auth:7.2.0] AndroidManifest.xml:96:17-78
210-->[com.firebaseui:firebase-ui-auth:7.2.0] AndroidManifest.xml:96:27-75
211
212                <data
212-->[com.firebaseui:firebase-ui-auth:7.2.0] AndroidManifest.xml:98:17-81
213                    android:host="firebase.auth"
214                    android:path="/"
215                    android:scheme="genericidp" />
215-->[com.firebaseui:firebase-ui-auth:7.2.0] AndroidManifest.xml:98:23-78
216            </intent-filter>
217        </activity>
218        <activity
218-->[com.google.firebase:firebase-auth:21.0.6] AndroidManifest.xml:45:9-62:20
219            android:name="com.google.firebase.auth.internal.RecaptchaActivity"
219-->[com.google.firebase:firebase-auth:21.0.6] AndroidManifest.xml:46:13-79
220            android:excludeFromRecents="true"
220-->[com.google.firebase:firebase-auth:21.0.6] AndroidManifest.xml:47:13-46
221            android:exported="true"
221-->[com.google.firebase:firebase-auth:21.0.6] AndroidManifest.xml:48:13-36
222            android:launchMode="singleTask"
222-->[com.google.firebase:firebase-auth:21.0.6] AndroidManifest.xml:49:13-44
223            android:theme="@android:style/Theme.Translucent.NoTitleBar" >
223-->[com.google.firebase:firebase-auth:21.0.6] AndroidManifest.xml:50:13-72
224            <intent-filter>
224-->[com.google.firebase:firebase-auth:21.0.6] AndroidManifest.xml:51:13-61:29
225                <action android:name="android.intent.action.VIEW" />
225-->[com.firebaseui:firebase-ui-auth:7.2.0] AndroidManifest.xml:93:17-69
225-->[com.firebaseui:firebase-ui-auth:7.2.0] AndroidManifest.xml:93:25-66
226
227                <category android:name="android.intent.category.DEFAULT" />
227-->[com.firebaseui:firebase-ui-auth:7.2.0] AndroidManifest.xml:95:17-76
227-->[com.firebaseui:firebase-ui-auth:7.2.0] AndroidManifest.xml:95:27-73
228                <category android:name="android.intent.category.BROWSABLE" />
228-->[com.firebaseui:firebase-ui-auth:7.2.0] AndroidManifest.xml:96:17-78
228-->[com.firebaseui:firebase-ui-auth:7.2.0] AndroidManifest.xml:96:27-75
229
230                <data
230-->[com.firebaseui:firebase-ui-auth:7.2.0] AndroidManifest.xml:98:17-81
231                    android:host="firebase.auth"
232                    android:path="/"
233                    android:scheme="recaptcha" />
233-->[com.firebaseui:firebase-ui-auth:7.2.0] AndroidManifest.xml:98:23-78
234            </intent-filter>
235        </activity>
236
237        <provider
237-->[com.google.firebase:firebase-common:20.1.1] AndroidManifest.xml:26:9-31:39
238            android:name="com.google.firebase.provider.FirebaseInitProvider"
238-->[com.google.firebase:firebase-common:20.1.1] AndroidManifest.xml:27:13-77
239            android:authorities="com.example.poc.firebaseinitprovider"
239-->[com.google.firebase:firebase-common:20.1.1] AndroidManifest.xml:28:13-72
240            android:directBootAware="true"
240-->[com.google.firebase:firebase-common:20.1.1] AndroidManifest.xml:29:13-43
241            android:exported="false"
241-->[com.google.firebase:firebase-common:20.1.1] AndroidManifest.xml:30:13-37
242            android:initOrder="100" />
242-->[com.google.firebase:firebase-common:20.1.1] AndroidManifest.xml:31:13-36
243
244        <activity
244-->[com.google.android.gms:play-services-base:18.0.1] AndroidManifest.xml:20:9-22:45
245            android:name="com.google.android.gms.common.api.GoogleApiActivity"
245-->[com.google.android.gms:play-services-base:18.0.1] AndroidManifest.xml:20:19-85
246            android:exported="false"
246-->[com.google.android.gms:play-services-base:18.0.1] AndroidManifest.xml:22:19-43
247            android:theme="@android:style/Theme.Translucent.NoTitleBar" />
247-->[com.google.android.gms:play-services-base:18.0.1] AndroidManifest.xml:21:19-78
248
249        <uses-library
249-->[androidx.window:window:1.0.0] AndroidManifest.xml:25:9-27:40
250            android:name="androidx.window.extensions"
250-->[androidx.window:window:1.0.0] AndroidManifest.xml:26:13-54
251            android:required="false" />
251-->[androidx.window:window:1.0.0] AndroidManifest.xml:27:13-37
252        <uses-library
252-->[androidx.window:window:1.0.0] AndroidManifest.xml:28:9-30:40
253            android:name="androidx.window.sidecar"
253-->[androidx.window:window:1.0.0] AndroidManifest.xml:29:13-51
254            android:required="false" />
254-->[androidx.window:window:1.0.0] AndroidManifest.xml:30:13-37
255
256        <service
256-->[androidx.room:room-runtime:2.4.2] AndroidManifest.xml:25:9-28:40
257            android:name="androidx.room.MultiInstanceInvalidationService"
257-->[androidx.room:room-runtime:2.4.2] AndroidManifest.xml:26:13-74
258            android:directBootAware="true"
258-->[androidx.room:room-runtime:2.4.2] AndroidManifest.xml:27:13-43
259            android:exported="false" />
259-->[androidx.room:room-runtime:2.4.2] AndroidManifest.xml:28:13-37
260
261        <provider
261-->[androidx.emoji2:emoji2:1.0.0] AndroidManifest.xml:26:9-34:20
262            android:name="androidx.startup.InitializationProvider"
262-->[androidx.emoji2:emoji2:1.0.0] AndroidManifest.xml:27:13-67
263            android:authorities="com.example.poc.androidx-startup"
263-->[androidx.emoji2:emoji2:1.0.0] AndroidManifest.xml:28:13-68
264            android:exported="false" >
264-->[androidx.emoji2:emoji2:1.0.0] AndroidManifest.xml:29:13-37
265            <meta-data
265-->[androidx.emoji2:emoji2:1.0.0] AndroidManifest.xml:31:13-33:52
266                android:name="androidx.emoji2.text.EmojiCompatInitializer"
266-->[androidx.emoji2:emoji2:1.0.0] AndroidManifest.xml:32:17-75
267                android:value="androidx.startup" />
267-->[androidx.emoji2:emoji2:1.0.0] AndroidManifest.xml:33:17-49
268            <meta-data
268-->[androidx.lifecycle:lifecycle-process:2.4.0] AndroidManifest.xml:31:13-33:52
269                android:name="androidx.lifecycle.ProcessLifecycleInitializer"
269-->[androidx.lifecycle:lifecycle-process:2.4.0] AndroidManifest.xml:32:17-78
270                android:value="androidx.startup" />
270-->[androidx.lifecycle:lifecycle-process:2.4.0] AndroidManifest.xml:33:17-49
271        </provider>
272    </application>
273
274</manifest>